<?xml version="1.0" encoding="UTF-8"?>
<testng-results skipped="0" failed="0" ignored="0" total="2" passed="2">
  <reporter-output>
    <line>
      <![CDATA[Delete Task Test Running Successfully]]>
    </line>
    <line>
      <![CDATA[Edit Task Test Running Successfully]]>
    </line>
  </reporter-output>
  <suite name="Suite" duration-ms="76" started-at="2020-07-18T13:01:53 IST" finished-at="2020-07-18T13:01:53 IST">
    <groups>
    </groups>
    <test name="Test" duration-ms="76" started-at="2020-07-18T13:01:53 IST" finished-at="2020-07-18T13:01:53 IST">
      <class name="tasksTests.EditTasksTest">
        <test-method status="PASS" signature="runTask()[pri:0, instance:tasksTests.EditTasksTest@1baeedf]" name="runTask" duration-ms="1" started-at="2020-07-18T13:01:53 IST" finished-at="2020-07-18T13:01:53 IST">
          <reporter-output>
            <line>
              <![CDATA[Edit Task Test Running Successfully]]>
            </line>
          </reporter-output>
        </test-method> <!-- runTask -->
      </class> <!-- tasksTests.EditTasksTest -->
      <class name="tasksTests.DeleteTasksTest">
        <test-method status="PASS" signature="runTask()[pri:0, instance:tasksTests.DeleteTasksTest@e26948]" name="runTask" duration-ms="6" started-at="2020-07-18T13:01:53 IST" finished-at="2020-07-18T13:01:53 IST">
          <reporter-output>
            <line>
              <![CDATA[Delete Task Test Running Successfully]]>
            </line>
          </reporter-output>
        </test-method> <!-- runTask -->
      </class> <!-- tasksTests.DeleteTasksTest -->
    </test> <!-- Test -->
  </suite> <!-- Suite -->
</testng-results>
